\BOOKMARK [1][-]{section*.2}{Project Specification}{}% 1
\BOOKMARK [1][-]{section*.3}{Abstract}{}% 2
\BOOKMARK [1][-]{section*.4}{Acknowledgments}{}% 3
\BOOKMARK [1][-]{section*.5}{Introduction}{}% 4
\BOOKMARK [1][-]{section*.6}{Introduction to Dijkstra's Theorem Proving Style}{}% 5
\BOOKMARK [2][-]{section*.7}{Prelimniaries}{section*.6}% 6
\BOOKMARK [2][-]{section*.8}{A Sample Proof}{section*.6}% 7
\BOOKMARK [2][-]{section*.9}{Further Notation and Calculi}{section*.6}% 8
\BOOKMARK [1][-]{section*.10}{Introduction to The Theorem Proving Assistant}{}% 9
\BOOKMARK [2][-]{section*.11}{The Software}{section*.10}% 10
\BOOKMARK [2][-]{section*.12}{The Interface}{section*.10}% 11
\BOOKMARK [1][-]{section*.13}{Functionality Overview}{}% 12
\BOOKMARK [2][-]{section*.14}{Creating/Loading a Theorem Set}{section*.13}% 13
\BOOKMARK [2][-]{section*.15}{Starting a Proof}{section*.13}% 14
\BOOKMARK [2][-]{section*.16}{Performing a Proof Step}{section*.13}% 15
\BOOKMARK [2][-]{section*.17}{Keeping a Theorem}{section*.13}% 16
\BOOKMARK [2][-]{section*.18}{Saving all Theorems}{section*.13}% 17
\BOOKMARK [1][-]{section*.19}{Backend Algorithms - The Engine}{}% 18
\BOOKMARK [2][-]{section*.20}{Expression Representation}{section*.19}% 19
\BOOKMARK [2][-]{section*.21}{A Valid Sub-expression}{section*.19}% 20
\BOOKMARK [2][-]{section*.22}{Permutations of a Syntax Tree}{section*.19}% 21
\BOOKMARK [2][-]{section*.23}{Matching, Mapping and Replacing}{section*.19}% 22
\BOOKMARK [1][-]{section*.24}{Frontend Algorithms - The User Interface}{}% 23
\BOOKMARK [2][-]{section*.25}{The Bit Box Maker}{section*.24}% 24
\BOOKMARK [2][-]{section*.26}{The Associator}{section*.24}% 25
\BOOKMARK [1][-]{section*.27}{The Parser and Grammar}{}% 26
\BOOKMARK [2][-]{section*.28}{The EBNF Grammar}{section*.27}% 27
\BOOKMARK [2][-]{section*.29}{The Parser}{section*.27}% 28
\BOOKMARK [1][-]{section*.30}{Design Details and Implementation}{}% 29
\BOOKMARK [2][-]{section*.31}{Tools Used}{section*.30}% 30
\BOOKMARK [2][-]{section*.32}{Class Diagrams}{section*.30}% 31
\BOOKMARK [1][-]{section*.33}{Testing And Evaluation}{}% 32
\BOOKMARK [2][-]{section*.34}{Regression Testing}{section*.33}% 33
\BOOKMARK [2][-]{section*.35}{Complexity Analysis}{section*.33}% 34
\BOOKMARK [2][-]{section*.36}{Proving Correctness: A Case Study}{section*.33}% 35
\BOOKMARK [1][-]{section*.37}{Conclusion}{}% 36
\BOOKMARK [2][-]{section*.38}{The Algorithms}{section*.37}% 37
\BOOKMARK [2][-]{section*.39}{The Software}{section*.37}% 38
\BOOKMARK [2][-]{section*.40}{Further Work}{section*.37}% 39
\BOOKMARK [2][-]{section*.41}{Final Thoughts}{section*.37}% 40
\BOOKMARK [1][-]{section*.42}{Appendix}{}% 41
\BOOKMARK [2][-]{section*.43}{A: The Plain Text Pseudo-Language}{section*.42}% 42
\BOOKMARK [2][-]{section*.44}{B: The Grammar}{section*.42}% 43
